# JRE version: OpenJDK Runtime Environment (11.0.13) (build 11.0.13+0-b1751.21-8125866)
# Java VM: OpenJDK 64-Bit Server VM (11.0.13+0-b1751.21-8125866, mixed mode, tiered, compressed oops, g1 gc, windows-amd64)
Heap:
 garbage-first heap   total 403456K, used 288771K [0x0000000080000000, 0x0000000100000000)
  region size 1024K, 64 young (65536K), 3 survivors (3072K)
 Metaspace       used 165821K, capacity 170827K, committed 174720K, reserved 1200128K
  class space    used 20122K, capacity 21931K, committed 23424K, reserved 1048576K
GC Heap History (20 events):
Event: 3029.607 GC heap before
{Heap before GC invocations=76 (full 0):
 garbage-first heap   total 403456K, used 348761K [0x0000000080000000, 0x0000000100000000)
  region size 1024K, 86 young (88064K), 2 survivors (2048K)
 Metaspace       used 164751K, capacity 169432K, committed 174464K, reserved 1200128K
  class space    used 19996K, capacity 21672K, committed 23424K, reserved 1048576K
}
Event: 3029.640 GC heap after
{Heap after GC invocations=77 (full 0):
 garbage-first heap   total 403456K, used 271505K [0x0000000080000000, 0x0000000100000000)
  region size 1024K, 11 young (11264K), 11 survivors (11264K)
 Metaspace       used 164751K, capacity 169432K, committed 174464K, reserved 1200128K
  class space    used 19996K, capacity 21672K, committed 23424K, reserved 1048576K
}
Event: 3029.717 GC heap before
{Heap before GC invocations=77 (full 0):
 garbage-first heap   total 403456K, used 285841K [0x0000000080000000, 0x0000000100000000)
  region size 1024K, 19 young (19456K), 11 survivors (11264K)
 Metaspace       used 164751K, capacity 169432K, committed 174464K, reserved 1200128K
  class space    used 19996K, capacity 21672K, committed 23424K, reserved 1048576K
}
Event: 3029.765 GC heap after
{Heap after GC invocations=78 (full 0):
 garbage-first heap   total 403456K, used 246240K [0x0000000080000000, 0x0000000100000000)
  region size 1024K, 3 young (3072K), 3 survivors (3072K)
 Metaspace       used 164751K, capacity 169432K, committed 174464K, reserved 1200128K
  class space    used 19996K, capacity 21672K, committed 23424K, reserved 1048576K
}
Event: 3030.250 GC heap before
{Heap before GC invocations=78 (full 0):
 garbage-first heap   total 403456K, used 271839K [0x0000000080000000, 0x0000000100000000)
  region size 1024K, 19 young (19456K), 3 survivors (3072K)
 Metaspace       used 164772K, capacity 169439K, committed 174464K, reserved 1200128K
  class space    used 19996K, capacity 21673K, committed 23424K, reserved 1048576K
}
Event: 3030.304 GC heap after
{Heap after GC invocations=79 (full 0):
 garbage-first heap   total 403456K, used 234117K [0x0000000080000000, 0x0000000100000000)
  region size 1024K, 2 young (2048K), 2 survivors (2048K)
 Metaspace       used 164772K, capacity 169439K, committed 174464K, reserved 1200128K
  class space    used 19996K, capacity 21673K, committed 23424K, reserved 1048576K
}
Event: 3081.466 GC heap before
{Heap before GC invocations=79 (full 0):
 garbage-first heap   total 403456K, used 334469K [0x0000000080000000, 0x0000000100000000)
  region size 1024K, 91 young (93184K), 2 survivors (2048K)
 Metaspace       used 164857K, capacity 169526K, committed 174464K, reserved 1200128K
  class space    used 19998K, capacity 21675K, committed 23424K, reserved 1048576K
}
Event: 3081.483 GC heap after
{Heap after GC invocations=80 (full 0):
 garbage-first heap   total 403456K, used 237798K [0x0000000080000000, 0x0000000100000000)
  region size 1024K, 6 young (6144K), 6 survivors (6144K)
 Metaspace       used 164857K, capacity 169526K, committed 174464K, reserved 1200128K
  class space    used 19998K, capacity 21675K, committed 23424K, reserved 1048576K
}
Event: 3081.932 GC heap before
{Heap before GC invocations=80 (full 0):
 garbage-first heap   total 403456K, used 259302K [0x0000000080000000, 0x0000000100000000)
  region size 1024K, 29 young (29696K), 6 survivors (6144K)
 Metaspace       used 164994K, capacity 169732K, committed 174464K, reserved 1200128K
  class space    used 20021K, capacity 21718K, committed 23424K, reserved 1048576K
}
Event: 3081.947 GC heap after
{Heap after GC invocations=81 (full 0):
 garbage-first heap   total 403456K, used 240871K [0x0000000080000000, 0x0000000100000000)
  region size 1024K, 9 young (9216K), 9 survivors (9216K)
 Metaspace       used 164994K, capacity 169732K, committed 174464K, reserved 1200128K
  class space    used 20021K, capacity 21718K, committed 23424K, reserved 1048576K
}
Event: 3084.942 GC heap before
{Heap before GC invocations=82 (full 0):
 garbage-first heap   total 403456K, used 341223K [0x0000000080000000, 0x0000000100000000)
  region size 1024K, 99 young (101376K), 9 survivors (9216K)
 Metaspace       used 165371K, capacity 170342K, committed 174464K, reserved 1200128K
  class space    used 20103K, capacity 21871K, committed 23424K, reserved 1048576K
}
Event: 3084.965 GC heap after
{Heap after GC invocations=83 (full 0):
 garbage-first heap   total 403456K, used 237045K [0x0000000080000000, 0x0000000100000000)
  region size 1024K, 10 young (10240K), 10 survivors (10240K)
 Metaspace       used 165371K, capacity 170342K, committed 174464K, reserved 1200128K
  class space    used 20103K, capacity 21871K, committed 23424K, reserved 1048576K
}
Event: 3085.062 GC heap before
{Heap before GC invocations=83 (full 0):
 garbage-first heap   total 403456K, used 245237K [0x0000000080000000, 0x0000000100000000)
  region size 1024K, 19 young (19456K), 10 survivors (10240K)
 Metaspace       used 165463K, capacity 170477K, committed 174464K, reserved 1200128K
  class space    used 20127K, capacity 21916K, committed 23424K, reserved 1048576K
}
Event: 3085.088 GC heap after
{Heap after GC invocations=84 (full 0):
 garbage-first heap   total 403456K, used 204813K [0x0000000080000000, 0x0000000100000000)
  region size 1024K, 2 young (2048K), 2 survivors (2048K)
 Metaspace       used 165463K, capacity 170477K, committed 174464K, reserved 1200128K
  class space    used 20127K, capacity 21916K, committed 23424K, reserved 1048576K
}
Event: 3185.059 GC heap before
{Heap before GC invocations=84 (full 0):
 garbage-first heap   total 403456K, used 231437K [0x0000000080000000, 0x0000000100000000)
  region size 1024K, 19 young (19456K), 2 survivors (2048K)
 Metaspace       used 165619K, capacity 170657K, committed 174464K, reserved 1200128K
  class space    used 20159K, capacity 21974K, committed 23424K, reserved 1048576K
}
Event: 3185.096 GC heap after
{Heap after GC invocations=85 (full 0):
 garbage-first heap   total 403456K, used 203927K [0x0000000080000000, 0x0000000100000000)
  region size 1024K, 2 young (2048K), 2 survivors (2048K)
 Metaspace       used 165619K, capacity 170657K, committed 174464K, reserved 1200128K
  class space    used 20159K, capacity 21974K, committed 23424K, reserved 1048576K
}
Event: 3190.064 GC heap before
{Heap before GC invocations=85 (full 0):
 garbage-first heap   total 403456K, used 349335K [0x0000000080000000, 0x0000000100000000)
  region size 1024K, 126 young (129024K), 2 survivors (2048K)
 Metaspace       used 165794K, capacity 170802K, committed 174720K, reserved 1200128K
  class space    used 20160K, capacity 21976K, committed 23424K, reserved 1048576K
}
Event: 3190.078 GC heap after
{Heap after GC invocations=86 (full 0):
 garbage-first heap   total 403456K, used 215218K [0x0000000080000000, 0x0000000100000000)
  region size 1024K, 13 young (13312K), 13 survivors (13312K)
 Metaspace       used 165794K, capacity 170802K, committed 174720K, reserved 1200128K
  class space    used 20160K, capacity 21976K, committed 23424K, reserved 1048576K
}
Event: 3190.339 GC heap before
{Heap before GC invocations=86 (full 0):
 garbage-first heap   total 403456K, used 240818K [0x0000000080000000, 0x0000000100000000)
  region size 1024K, 40 young (40960K), 13 survivors (13312K)
 Metaspace       used 165817K, capacity 170814K, committed 174720K, reserved 1200128K
  class space    used 20161K, capacity 21978K, committed 23424K, reserved 1048576K
}
Event: 3190.364 GC heap after
{Heap after GC invocations=87 (full 0):
 garbage-first heap   total 403456K, used 215043K [0x0000000080000000, 0x0000000100000000)
  region size 1024K, 3 young (3072K), 3 survivors (3072K)
 Metaspace       used 165817K, capacity 170814K, committed 174720K, reserved 1200128K
  class space    used 20161K, capacity 21978K, committed 23424K, reserved 1048576K
}

